<?xml version="1.0" encoding="UTF-8"?>
<testsuites>
  <testsuite name="CLI Arguments" tests="17" assertions="49" errors="0" failures="0" skipped="0" time="17.337529">
    <testsuite name="Tests\Unit\Core\Domain\Entities\FileTypeTest" file="/var/www/html/tests/Unit/Core/Domain/Entities/FileTypeTest.php" tests="4" assertions="11" errors="0" failures="0" skipped="0" time="0.114393">
      <testcase name="test_it_should_return_true_for_valid_file_types" file="/var/www/html/tests/Unit/Core/Domain/Entities/FileTypeTest.php" line="10" class="Tests\Unit\Core\Domain\Entities\FileTypeTest" classname="Tests.Unit.Core.Domain.Entities.FileTypeTest" assertions="3" time="0.103939"/>
      <testcase name="test_it_should_return_false_for_invalid_file_types" file="/var/www/html/tests/Unit/Core/Domain/Entities/FileTypeTest.php" line="17" class="Tests\Unit\Core\Domain\Entities\FileTypeTest" classname="Tests.Unit.Core.Domain.Entities.FileTypeTest" assertions="3" time="0.002972"/>
      <testcase name="test_it_should_return_correct_extension" file="/var/www/html/tests/Unit/Core/Domain/Entities/FileTypeTest.php" line="24" class="Tests\Unit\Core\Domain\Entities\FileTypeTest" classname="Tests.Unit.Core.Domain.Entities.FileTypeTest" assertions="4" time="0.003225"/>
      <testcase name="test_it_should_return_allowed_file_types" file="/var/www/html/tests/Unit/Core/Domain/Entities/FileTypeTest.php" line="32" class="Tests\Unit\Core\Domain\Entities\FileTypeTest" classname="Tests.Unit.Core.Domain.Entities.FileTypeTest" assertions="1" time="0.004258"/>
    </testsuite>
    <testsuite name="Tests\Unit\Core\Domain\Entities\VideoTest" file="/var/www/html/tests/Unit/Core/Domain/Entities/VideoTest.php" tests="4" assertions="10" errors="0" failures="0" skipped="0" time="0.037146">
      <testcase name="test_it_should_create_video_instance" file="/var/www/html/tests/Unit/Core/Domain/Entities/VideoTest.php" line="10" class="Tests\Unit\Core\Domain\Entities\VideoTest" classname="Tests.Unit.Core.Domain.Entities.VideoTest" assertions="7" time="0.026978"/>
      <testcase name="test_it_should_set_id" file="/var/www/html/tests/Unit/Core/Domain/Entities/VideoTest.php" line="29" class="Tests\Unit\Core\Domain\Entities\VideoTest" classname="Tests.Unit.Core.Domain.Entities.VideoTest" assertions="1" time="0.005180"/>
      <testcase name="test_it_should_set_status" file="/var/www/html/tests/Unit/Core/Domain/Entities/VideoTest.php" line="43" class="Tests\Unit\Core\Domain\Entities\VideoTest" classname="Tests.Unit.Core.Domain.Entities.VideoTest" assertions="1" time="0.002498"/>
      <testcase name="test_it_should_allow_null_zipUrl" file="/var/www/html/tests/Unit/Core/Domain/Entities/VideoTest.php" line="57" class="Tests\Unit\Core\Domain\Entities\VideoTest" classname="Tests.Unit.Core.Domain.Entities.VideoTest" assertions="1" time="0.002491"/>
    </testsuite>
    <testsuite name="Tests\Unit\Core\UseCase\UploadVideoUseCaseTest" file="/var/www/html/tests/Unit/Core/UseCase/UploadVideoUseCaseTest.php" tests="2" assertions="5" errors="0" failures="0" skipped="0" time="0.070346">
      <testcase name="test_get_by_id_returns_video" file="/var/www/html/tests/Unit/Core/UseCase/UploadVideoUseCaseTest.php" line="47" class="Tests\Unit\Core\UseCase\UploadVideoUseCaseTest" classname="Tests.Unit.Core.UseCase.UploadVideoUseCaseTest" assertions="2" time="0.066663"/>
      <testcase name="test_get_all_returns_videos" file="/var/www/html/tests/Unit/Core/UseCase/UploadVideoUseCaseTest.php" line="63" class="Tests\Unit\Core\UseCase\UploadVideoUseCaseTest" classname="Tests.Unit.Core.UseCase.UploadVideoUseCaseTest" assertions="3" time="0.003683"/>
    </testsuite>
    <testsuite name="Tests\Unit\Infrastructure\Controllers\AuthControllerTest" file="/var/www/html/tests/Unit/Infrastructure/Controllers/AuthControllerTest.php" tests="4" assertions="11" errors="0" failures="0" skipped="0" time="16.935740">
      <testcase name="test_it_should_register_a_new_user" file="/var/www/html/tests/Unit/Infrastructure/Controllers/AuthControllerTest.php" line="14" class="Tests\Unit\Infrastructure\Controllers\AuthControllerTest" classname="Tests.Unit.Infrastructure.Controllers.AuthControllerTest" assertions="3" time="11.727923"/>
      <testcase name="test_it_should_not_register_if_email_already_exists" file="/var/www/html/tests/Unit/Infrastructure/Controllers/AuthControllerTest.php" line="33" class="Tests\Unit\Infrastructure\Controllers\AuthControllerTest" classname="Tests.Unit.Infrastructure.Controllers.AuthControllerTest" assertions="2" time="1.539710"/>
      <testcase name="test_it_should_login_successfully" file="/var/www/html/tests/Unit/Infrastructure/Controllers/AuthControllerTest.php" line="56" class="Tests\Unit\Infrastructure\Controllers\AuthControllerTest" classname="Tests.Unit.Infrastructure.Controllers.AuthControllerTest" assertions="4" time="2.000923"/>
      <testcase name="test_it_should_not_login_with_invalid_credentials" file="/var/www/html/tests/Unit/Infrastructure/Controllers/AuthControllerTest.php" line="78" class="Tests\Unit\Infrastructure\Controllers\AuthControllerTest" classname="Tests.Unit.Infrastructure.Controllers.AuthControllerTest" assertions="2" time="1.667184"/>
    </testsuite>
    <testsuite name="Tests\Unit\Infrastructure\Controllers\UploadControllerTest" file="/var/www/html/tests/Unit/Infrastructure/Controllers/UploadControllerTest.php" tests="3" assertions="12" errors="0" failures="0" skipped="0" time="0.179904">
      <testcase name="test_it_should_upload_a_video_successfully" file="/var/www/html/tests/Unit/Infrastructure/Controllers/UploadControllerTest.php" line="38" class="Tests\Unit\Infrastructure\Controllers\UploadControllerTest" classname="Tests.Unit.Infrastructure.Controllers.UploadControllerTest" assertions="4" time="0.099040"/>
      <testcase name="test_it_should_return_video_by_id" file="/var/www/html/tests/Unit/Infrastructure/Controllers/UploadControllerTest.php" line="69" class="Tests\Unit\Infrastructure\Controllers\UploadControllerTest" classname="Tests.Unit.Infrastructure.Controllers.UploadControllerTest" assertions="3" time="0.039134"/>
      <testcase name="test_it_should_return_all_videos_for_authenticated_user" file="/var/www/html/tests/Unit/Infrastructure/Controllers/UploadControllerTest.php" line="91" class="Tests\Unit\Infrastructure\Controllers\UploadControllerTest" classname="Tests.Unit.Infrastructure.Controllers.UploadControllerTest" assertions="5" time="0.041730"/>
    </testsuite>
  </testsuite>
</testsuites>
